<?xml version="1.0" encoding="UTF-8"?>
<!-- Generated by org.testng.reporters.JUnitReportReporter -->
<testsuite hostname="DESKTOP-IIMFS96" failures="0" tests="2" name="testNgpack.Verifytitleandurlajio" time="149.327" errors="0" timestamp="2023-04-04T16:39:39 IST" skipped="0">
  <testcase classname="testNgpack.Verifytitleandurlajio" name="Verifytitleandurl" time="62.709"/>
  <system-out/>
  <testcase classname="testNgpack.Verifytitleandurlajio" name="Verifytitleandurl" time="86.618"/>
  <system-out/>
</testsuite> <!-- testNgpack.Verifytitleandurlajio -->
