<?xml version="1.0" encoding="UTF-8"?>
<!-- Generated by org.testng.reporters.JUnitReportReporter -->
<testsuite hostname="DESKTOP-IIMFS96" failures="0" tests="2" name="testNgpack.TestClassNg" time="0.018" errors="0" timestamp="2023-03-22T13:40:43 IST" skipped="0">
  <testcase classname="testNgpack.TestClassNg" name="testmethod2" time="0.004"/>
  <system-out/>
  <testcase classname="testNgpack.TestClassNg" name="testmethod" time="0.014"/>
  <system-out/>
</testsuite> <!-- testNgpack.TestClassNg -->
