<?xml version="1.0" encoding="UTF-8"?>
<!-- Generated by org.testng.reporters.JUnitReportReporter -->
<testsuite hostname="DESKTOP-IIMFS96" failures="0" tests="1" name="testNgpackSnapdeal.VerifyTitleOnGiftpage" time="16.602" errors="0" timestamp="2023-04-05T16:38:09 IST" skipped="0">
  <testcase classname="testNgpackSnapdeal.VerifyTitleOnGiftpage" name="VerifytextonGiftpage" time="16.602"/>
  <system-out/>
</testsuite> <!-- testNgpackSnapdeal.VerifyTitleOnGiftpage -->
