<?xml version="1.0" encoding="UTF-8"?>
<!-- Generated by org.testng.reporters.JUnitReportReporter -->
<testsuite hostname="DESKTOP-IIMFS96" failures="0" tests="1" name="testNgpack.VerifySignUpPage" time="2.575" errors="0" timestamp="2023-03-25T12:50:16 IST" skipped="0">
  <testcase classname="testNgpack.VerifySignUpPage" name="verifySignUpText" time="2.575"/>
  <system-out/>
</testsuite> <!-- testNgpack.VerifySignUpPage -->
