<?xml version="1.0" encoding="UTF-8"?>
<!-- Generated by org.testng.reporters.JUnitReportReporter -->
<testsuite hostname="DESKTOP-IIMFS96" failures="0" tests="1" name="testNgpackSnapdeal.Verifytextoncartpage" time="15.514" errors="0" timestamp="2023-04-01T15:24:36 IST" skipped="0">
  <testcase classname="testNgpackSnapdeal.Verifytextoncartpage" name="VerifytextonGiftpage" time="15.514"/>
  <system-out/>
</testsuite> <!-- testNgpackSnapdeal.Verifytextoncartpage -->
